# JRE version: Java(TM) SE Runtime Environment (8.0_212-b10) (build 1.8.0_212-b10)
# Java VM: Java HotSpot(TM) 64-Bit Server VM (25.212-b10 mixed mode windows-amd64 compressed oops)
Heap:
 PSYoungGen      total 227328K, used 30404K [0x00000000d6200000, 0x00000000e5e00000, 0x0000000100000000)
  eden space 214016K, 14% used [0x00000000d6200000,0x00000000d7fb1098,0x00000000e3300000)
  from space 13312K, 0% used [0x00000000e4280000,0x00000000e4280000,0x00000000e4f80000)
  to   space 15872K, 0% used [0x00000000e3300000,0x00000000e3300000,0x00000000e4280000)
 ParOldGen       total 47104K, used 21149K [0x0000000082600000, 0x0000000085400000, 0x00000000d6200000)
  object space 47104K, 44% used [0x0000000082600000,0x0000000083aa76d8,0x0000000085400000)
 Metaspace       used 36183K, capacity 37775K, committed 38144K, reserved 1083392K
  class space    used 4957K, capacity 5270K, committed 5376K, reserved 1048576K
GC Heap History (10 events):
Event: 3.457 GC heap before
{Heap before GC invocations=6 (full 1):
 PSYoungGen      total 70656K, used 5112K [0x00000000d6200000, 0x00000000df300000, 0x0000000100000000)
  eden space 65536K, 0% used [0x00000000d6200000,0x00000000d6200000,0x00000000da200000)
  from space 5120K, 99% used [0x00000000da200000,0x00000000da6fe030,0x00000000da700000)
  to   space 8704K, 0% used [0x00000000dea80000,0x00000000dea80000,0x00000000df300000)
 ParOldGen       total 86016K, used 5872K [0x0000000082600000, 0x0000000087a00000, 0x00000000d6200000)
  object space 86016K, 6% used [0x0000000082600000,0x0000000082bbc0b8,0x0000000087a00000)
 Metaspace       used 20557K, capacity 21185K, committed 21296K, reserved 1067008K
  class space    used 2759K, capacity 2944K, committed 2944K, reserved 1048576K
Event: 3.517 GC heap after
Heap after GC invocations=6 (full 1):
 PSYoungGen      total 70656K, used 0K [0x00000000d6200000, 0x00000000df300000, 0x0000000100000000)
  eden space 65536K, 0% used [0x00000000d6200000,0x00000000d6200000,0x00000000da200000)
  from space 5120K, 0% used [0x00000000da200000,0x00000000da200000,0x00000000da700000)
  to   space 8704K, 0% used [0x00000000dea80000,0x00000000dea80000,0x00000000df300000)
 ParOldGen       total 47104K, used 5581K [0x0000000082600000, 0x0000000085400000, 0x00000000d6200000)
  object space 47104K, 11% used [0x0000000082600000,0x0000000082b73400,0x0000000085400000)
 Metaspace       used 20557K, capacity 21185K, committed 21296K, reserved 1067008K
  class space    used 2759K, capacity 2944K, committed 2944K, reserved 1048576K
}
Event: 3.917 GC heap before
{Heap before GC invocations=7 (full 1):
 PSYoungGen      total 70656K, used 65536K [0x00000000d6200000, 0x00000000df300000, 0x0000000100000000)
  eden space 65536K, 100% used [0x00000000d6200000,0x00000000da200000,0x00000000da200000)
  from space 5120K, 0% used [0x00000000da200000,0x00000000da200000,0x00000000da700000)
  to   space 8704K, 0% used [0x00000000dea80000,0x00000000dea80000,0x00000000df300000)
 ParOldGen       total 47104K, used 8528K [0x0000000082600000, 0x0000000085400000, 0x00000000d6200000)
  object space 47104K, 18% used [0x0000000082600000,0x0000000082e54280,0x0000000085400000)
 Metaspace       used 23335K, capacity 24103K, committed 24448K, reserved 1071104K
  class space    used 3137K, capacity 3346K, committed 3456K, reserved 1048576K
Event: 3.933 GC heap after
Heap after GC invocations=7 (full 1):
 PSYoungGen      total 127488K, used 6940K [0x00000000d6200000, 0x00000000df180000, 0x0000000100000000)
  eden space 120320K, 0% used [0x00000000d6200000,0x00000000d6200000,0x00000000dd780000)
  from space 7168K, 96% used [0x00000000dea80000,0x00000000df1472b8,0x00000000df180000)
  to   space 9216K, 0% used [0x00000000ddf80000,0x00000000ddf80000,0x00000000de880000)
 ParOldGen       total 47104K, used 8528K [0x0000000082600000, 0x0000000085400000, 0x00000000d6200000)
  object space 47104K, 18% used [0x0000000082600000,0x0000000082e54280,0x0000000085400000)
 Metaspace       used 23335K, capacity 24103K, committed 24448K, reserved 1071104K
  class space    used 3137K, capacity 3346K, committed 3456K, reserved 1048576K
}
Event: 5.403 GC heap before
{Heap before GC invocations=8 (full 1):
 PSYoungGen      total 127488K, used 127260K [0x00000000d6200000, 0x00000000df180000, 0x0000000100000000)
  eden space 120320K, 100% used [0x00000000d6200000,0x00000000dd780000,0x00000000dd780000)
  from space 7168K, 96% used [0x00000000dea80000,0x00000000df1472b8,0x00000000df180000)
  to   space 9216K, 0% used [0x00000000ddf80000,0x00000000ddf80000,0x00000000de880000)
 ParOldGen       total 47104K, used 8528K [0x0000000082600000, 0x0000000085400000, 0x00000000d6200000)
  object space 47104K, 18% used [0x0000000082600000,0x0000000082e54280,0x0000000085400000)
 Metaspace       used 29289K, capacity 30781K, committed 30976K, reserved 1075200K
  class space    used 3994K, capacity 4271K, committed 4352K, reserved 1048576K
Event: 5.416 GC heap after
Heap after GC invocations=8 (full 1):
 PSYoungGen      total 137728K, used 9193K [0x00000000d6200000, 0x00000000e4f80000, 0x0000000100000000)
  eden space 128512K, 0% used [0x00000000d6200000,0x00000000d6200000,0x00000000ddf80000)
  from space 9216K, 99% used [0x00000000ddf80000,0x00000000de87a7e0,0x00000000de880000)
  to   space 13312K, 0% used [0x00000000e4280000,0x00000000e4280000,0x00000000e4f80000)
 ParOldGen       total 47104K, used 14603K [0x0000000082600000, 0x0000000085400000, 0x00000000d6200000)
  object space 47104K, 31% used [0x0000000082600000,0x0000000083442f10,0x0000000085400000)
 Metaspace       used 29289K, capacity 30781K, committed 30976K, reserved 1075200K
  class space    used 3994K, capacity 4271K, committed 4352K, reserved 1048576K
}
Event: 6.248 GC heap before
{Heap before GC invocations=9 (full 1):
 PSYoungGen      total 137728K, used 106069K [0x00000000d6200000, 0x00000000e4f80000, 0x0000000100000000)
  eden space 128512K, 75% used [0x00000000d6200000,0x00000000dc09aec8,0x00000000ddf80000)
  from space 9216K, 99% used [0x00000000ddf80000,0x00000000de87a7e0,0x00000000de880000)
  to   space 13312K, 0% used [0x00000000e4280000,0x00000000e4280000,0x00000000e4f80000)
 ParOldGen       total 47104K, used 14603K [0x0000000082600000, 0x0000000085400000, 0x00000000d6200000)
  object space 47104K, 31% used [0x0000000082600000,0x0000000083442f10,0x0000000085400000)
 Metaspace       used 33825K, capacity 35331K, committed 35496K, reserved 1079296K
  class space    used 4482K, capacity 4778K, committed 4864K, reserved 1048576K
Event: 6.263 GC heap after
Heap after GC invocations=9 (full 1):
 PSYoungGen      total 227328K, used 13296K [0x00000000d6200000, 0x00000000e5e00000, 0x0000000100000000)
  eden space 214016K, 0% used [0x00000000d6200000,0x00000000d6200000,0x00000000e3300000)
  from space 13312K, 99% used [0x00000000e4280000,0x00000000e4f7c1c0,0x00000000e4f80000)
  to   space 15872K, 0% used [0x00000000e3300000,0x00000000e3300000,0x00000000e4280000)
 ParOldGen       total 47104K, used 16071K [0x0000000082600000, 0x0000000085400000, 0x00000000d6200000)
  object space 47104K, 34% used [0x0000000082600000,0x00000000835b1e88,0x0000000085400000)
 Metaspace       used 33825K, capacity 35331K, committed 35496K, reserved 1079296K
  class space    used 4482K, capacity 4778K, committed 4864K, reserved 1048576K
}
Event: 6.263 GC heap before
{Heap before GC invocations=10 (full 2):
 PSYoungGen      total 227328K, used 13296K [0x00000000d6200000, 0x00000000e5e00000, 0x0000000100000000)
  eden space 214016K, 0% used [0x00000000d6200000,0x00000000d6200000,0x00000000e3300000)
  from space 13312K, 99% used [0x00000000e4280000,0x00000000e4f7c1c0,0x00000000e4f80000)
  to   space 15872K, 0% used [0x00000000e3300000,0x00000000e3300000,0x00000000e4280000)
 ParOldGen       total 47104K, used 16071K [0x0000000082600000, 0x0000000085400000, 0x00000000d6200000)
  object space 47104K, 34% used [0x0000000082600000,0x00000000835b1e88,0x0000000085400000)
 Metaspace       used 33825K, capacity 35331K, committed 35496K, reserved 1079296K
  class space    used 4482K, capacity 4778K, committed 4864K, reserved 1048576K
Event: 6.341 GC heap after
Heap after GC invocations=10 (full 2):
 PSYoungGen      total 227328K, used 0K [0x00000000d6200000, 0x00000000e5e00000, 0x0000000100000000)
  eden space 214016K, 0% used [0x00000000d6200000,0x00000000d6200000,0x00000000e3300000)
  from space 13312K, 0% used [0x00000000e4280000,0x00000000e4280000,0x00000000e4f80000)
  to   space 15872K, 0% used [0x00000000e3300000,0x00000000e3300000,0x00000000e4280000)
 ParOldGen       total 47104K, used 21149K [0x0000000082600000, 0x0000000085400000, 0x00000000d6200000)
  object space 47104K, 44% used [0x0000000082600000,0x0000000083aa76d8,0x0000000085400000)
 Metaspace       used 33825K, capacity 35331K, committed 35496K, reserved 1079296K
  class space    used 4482K, capacity 4778K, committed 4864K, reserved 1048576K
}

